# JRE version: OpenJDK Runtime Environment OpenLogic-OpenJDK (22.0.2+9) (build 22.0.2+9-adhoc.Administrator.jdk22u)
# Java VM: OpenJDK 64-Bit Server VM OpenLogic-OpenJDK (22.0.2+9-adhoc.Administrator.jdk22u, mixed mode, sharing, tiered, compressed oops, compressed class ptrs, parallel gc, windows-amd64)
GC Precious Log:
 CardTable entry size: 512
 CPUs: 12 total, 12 available
 Memory: 5996M
 Large Page Support: Disabled
 NUMA Support: Disabled
 Compressed Oops: Enabled (32-bit)
 Alignments: Space 512K, Generation 512K, Heap 2M
 Heap Min Capacity: 100M
 Heap Initial Capacity: 100M
 Heap Max Capacity: 2G
 Pre-touch: Disabled
 Parallel Workers: 10
Heap:
 PSYoungGen      total 5632K, used 3086K [0x00000000d5580000, 0x00000000d5d00000, 0x0000000100000000)
  eden space 4608K, 52% used [0x00000000d5580000,0x00000000d57db930,0x00000000d5a00000)
  from space 1024K, 65% used [0x00000000d5a00000,0x00000000d5aa8000,0x00000000d5b00000)
  to   space 1024K, 0% used [0x00000000d5c00000,0x00000000d5c00000,0x00000000d5d00000)
 ParOldGen       total 318976K, used 194343K [0x0000000080000000, 0x0000000093780000, 0x00000000d5580000)
  object space 318976K, 60% used [0x0000000080000000,0x000000008bdc9cf8,0x0000000093780000)
 Metaspace       used 81421K, committed 83136K, reserved 1179648K
  class space    used 8511K, committed 9216K, reserved 1048576K
GC Heap History (20 events):
Event: 487.455 GC heap before
{Heap before GC invocations=468 (full 4):
 PSYoungGen      total 6656K, used 6432K [0x00000000d5580000, 0x00000000d5d00000, 0x0000000100000000)
  eden space 5632K, 100% used [0x00000000d5580000,0x00000000d5b00000,0x00000000d5b00000)
  from space 1024K, 78% used [0x00000000d5b00000,0x00000000d5bc8000,0x00000000d5c00000)
  to   space 1024K, 0% used [0x00000000d5c00000,0x00000000d5c00000,0x00000000d5d00000)
 ParOldGen       total 318976K, used 183937K [0x0000000080000000, 0x0000000093780000, 0x00000000d5580000)
  object space 318976K, 57% used [0x0000000080000000,0x000000008b3a04e0,0x0000000093780000)
 Metaspace       used 81416K, committed 83072K, reserved 1179648K
  class space    used 8511K, committed 9216K, reserved 1048576K
}
Event: 487.458 GC heap after
{Heap after GC invocations=468 (full 4):
 PSYoungGen      total 6656K, used 736K [0x00000000d5580000, 0x00000000d5d00000, 0x0000000100000000)
  eden space 5632K, 0% used [0x00000000d5580000,0x00000000d5580000,0x00000000d5b00000)
  from space 1024K, 71% used [0x00000000d5c00000,0x00000000d5cb8000,0x00000000d5d00000)
  to   space 1024K, 0% used [0x00000000d5b00000,0x00000000d5b00000,0x00000000d5c00000)
 ParOldGen       total 318976K, used 184641K [0x0000000080000000, 0x0000000093780000, 0x00000000d5580000)
  object space 318976K, 57% used [0x0000000080000000,0x000000008b4504e0,0x0000000093780000)
 Metaspace       used 81416K, committed 83072K, reserved 1179648K
  class space    used 8511K, committed 9216K, reserved 1048576K
}
Event: 487.470 GC heap before
{Heap before GC invocations=469 (full 4):
 PSYoungGen      total 6656K, used 6368K [0x00000000d5580000, 0x00000000d5d00000, 0x0000000100000000)
  eden space 5632K, 100% used [0x00000000d5580000,0x00000000d5b00000,0x00000000d5b00000)
  from space 1024K, 71% used [0x00000000d5c00000,0x00000000d5cb8000,0x00000000d5d00000)
  to   space 1024K, 0% used [0x00000000d5b00000,0x00000000d5b00000,0x00000000d5c00000)
 ParOldGen       total 318976K, used 184641K [0x0000000080000000, 0x0000000093780000, 0x00000000d5580000)
  object space 318976K, 57% used [0x0000000080000000,0x000000008b4504e0,0x0000000093780000)
 Metaspace       used 81420K, committed 83136K, reserved 1179648K
  class space    used 8511K, committed 9216K, reserved 1048576K
}
Event: 487.472 GC heap after
{Heap after GC invocations=469 (full 4):
 PSYoungGen      total 6656K, used 736K [0x00000000d5580000, 0x00000000d5d00000, 0x0000000100000000)
  eden space 5632K, 0% used [0x00000000d5580000,0x00000000d5580000,0x00000000d5b00000)
  from space 1024K, 71% used [0x00000000d5b00000,0x00000000d5bb8000,0x00000000d5c00000)
  to   space 1024K, 0% used [0x00000000d5c00000,0x00000000d5c00000,0x00000000d5d00000)
 ParOldGen       total 318976K, used 185297K [0x0000000080000000, 0x0000000093780000, 0x00000000d5580000)
  object space 318976K, 58% used [0x0000000080000000,0x000000008b4f44e0,0x0000000093780000)
 Metaspace       used 81420K, committed 83136K, reserved 1179648K
  class space    used 8511K, committed 9216K, reserved 1048576K
}
Event: 487.484 GC heap before
{Heap before GC invocations=470 (full 4):
 PSYoungGen      total 6656K, used 6368K [0x00000000d5580000, 0x00000000d5d00000, 0x0000000100000000)
  eden space 5632K, 100% used [0x00000000d5580000,0x00000000d5b00000,0x00000000d5b00000)
  from space 1024K, 71% used [0x00000000d5b00000,0x00000000d5bb8000,0x00000000d5c00000)
  to   space 1024K, 0% used [0x00000000d5c00000,0x00000000d5c00000,0x00000000d5d00000)
 ParOldGen       total 318976K, used 185297K [0x0000000080000000, 0x0000000093780000, 0x00000000d5580000)
  object space 318976K, 58% used [0x0000000080000000,0x000000008b4f44e0,0x0000000093780000)
 Metaspace       used 81420K, committed 83136K, reserved 1179648K
  class space    used 8511K, committed 9216K, reserved 1048576K
}
Event: 487.486 GC heap after
{Heap after GC invocations=470 (full 4):
 PSYoungGen      total 6656K, used 736K [0x00000000d5580000, 0x00000000d5d00000, 0x0000000100000000)
  eden space 5632K, 0% used [0x00000000d5580000,0x00000000d5580000,0x00000000d5b00000)
  from space 1024K, 71% used [0x00000000d5c00000,0x00000000d5cb8000,0x00000000d5d00000)
  to   space 1024K, 0% used [0x00000000d5b00000,0x00000000d5b00000,0x00000000d5c00000)
 ParOldGen       total 318976K, used 185929K [0x0000000080000000, 0x0000000093780000, 0x00000000d5580000)
  object space 318976K, 58% used [0x0000000080000000,0x000000008b5924e0,0x0000000093780000)
 Metaspace       used 81420K, committed 83136K, reserved 1179648K
  class space    used 8511K, committed 9216K, reserved 1048576K
}
Event: 487.498 GC heap before
{Heap before GC invocations=471 (full 4):
 PSYoungGen      total 6656K, used 6368K [0x00000000d5580000, 0x00000000d5d00000, 0x0000000100000000)
  eden space 5632K, 100% used [0x00000000d5580000,0x00000000d5b00000,0x00000000d5b00000)
  from space 1024K, 71% used [0x00000000d5c00000,0x00000000d5cb8000,0x00000000d5d00000)
  to   space 1024K, 0% used [0x00000000d5b00000,0x00000000d5b00000,0x00000000d5c00000)
 ParOldGen       total 318976K, used 185929K [0x0000000080000000, 0x0000000093780000, 0x00000000d5580000)
  object space 318976K, 58% used [0x0000000080000000,0x000000008b5924e0,0x0000000093780000)
 Metaspace       used 81420K, committed 83136K, reserved 1179648K
  class space    used 8511K, committed 9216K, reserved 1048576K
}
Event: 487.501 GC heap after
{Heap after GC invocations=471 (full 4):
 PSYoungGen      total 6656K, used 800K [0x00000000d5580000, 0x00000000d5d00000, 0x0000000100000000)
  eden space 5632K, 0% used [0x00000000d5580000,0x00000000d5580000,0x00000000d5b00000)
  from space 1024K, 78% used [0x00000000d5b00000,0x00000000d5bc8090,0x00000000d5c00000)
  to   space 1024K, 0% used [0x00000000d5c00000,0x00000000d5c00000,0x00000000d5d00000)
 ParOldGen       total 318976K, used 186561K [0x0000000080000000, 0x0000000093780000, 0x00000000d5580000)
  object space 318976K, 58% used [0x0000000080000000,0x000000008b6304e0,0x0000000093780000)
 Metaspace       used 81420K, committed 83136K, reserved 1179648K
  class space    used 8511K, committed 9216K, reserved 1048576K
}
Event: 487.520 GC heap before
{Heap before GC invocations=472 (full 4):
 PSYoungGen      total 6656K, used 6432K [0x00000000d5580000, 0x00000000d5d00000, 0x0000000100000000)
  eden space 5632K, 100% used [0x00000000d5580000,0x00000000d5b00000,0x00000000d5b00000)
  from space 1024K, 78% used [0x00000000d5b00000,0x00000000d5bc8090,0x00000000d5c00000)
  to   space 1024K, 0% used [0x00000000d5c00000,0x00000000d5c00000,0x00000000d5d00000)
 ParOldGen       total 318976K, used 186561K [0x0000000080000000, 0x0000000093780000, 0x00000000d5580000)
  object space 318976K, 58% used [0x0000000080000000,0x000000008b6304e0,0x0000000093780000)
 Metaspace       used 81420K, committed 83136K, reserved 1179648K
  class space    used 8511K, committed 9216K, reserved 1048576K
}
Event: 487.523 GC heap after
{Heap after GC invocations=472 (full 4):
 PSYoungGen      total 5632K, used 1008K [0x00000000d5580000, 0x00000000d5f00000, 0x0000000100000000)
  eden space 4608K, 0% used [0x00000000d5580000,0x00000000d5580000,0x00000000d5a00000)
  from space 1024K, 98% used [0x00000000d5c00000,0x00000000d5cfc008,0x00000000d5d00000)
  to   space 2048K, 0% used [0x00000000d5a00000,0x00000000d5a00000,0x00000000d5c00000)
 ParOldGen       total 318976K, used 187241K [0x0000000080000000, 0x0000000093780000, 0x00000000d5580000)
  object space 318976K, 58% used [0x0000000080000000,0x000000008b6da4e0,0x0000000093780000)
 Metaspace       used 81420K, committed 83136K, reserved 1179648K
  class space    used 8511K, committed 9216K, reserved 1048576K
}
Event: 487.533 GC heap before
{Heap before GC invocations=473 (full 4):
 PSYoungGen      total 5632K, used 5616K [0x00000000d5580000, 0x00000000d5f00000, 0x0000000100000000)
  eden space 4608K, 100% used [0x00000000d5580000,0x00000000d5a00000,0x00000000d5a00000)
  from space 1024K, 98% used [0x00000000d5c00000,0x00000000d5cfc008,0x00000000d5d00000)
  to   space 2048K, 0% used [0x00000000d5a00000,0x00000000d5a00000,0x00000000d5c00000)
 ParOldGen       total 318976K, used 187241K [0x0000000080000000, 0x0000000093780000, 0x00000000d5580000)
  object space 318976K, 58% used [0x0000000080000000,0x000000008b6da4e0,0x0000000093780000)
 Metaspace       used 81420K, committed 83136K, reserved 1179648K
  class space    used 8511K, committed 9216K, reserved 1048576K
}
Event: 487.536 GC heap after
{Heap after GC invocations=473 (full 4):
 PSYoungGen      total 5632K, used 608K [0x00000000d5580000, 0x00000000d5c80000, 0x0000000100000000)
  eden space 4608K, 0% used [0x00000000d5580000,0x00000000d5580000,0x00000000d5a00000)
  from space 1024K, 59% used [0x00000000d5a00000,0x00000000d5a98000,0x00000000d5b00000)
  to   space 1024K, 0% used [0x00000000d5b80000,0x00000000d5b80000,0x00000000d5c80000)
 ParOldGen       total 318976K, used 188265K [0x0000000080000000, 0x0000000093780000, 0x00000000d5580000)
  object space 318976K, 59% used [0x0000000080000000,0x000000008b7da4e8,0x0000000093780000)
 Metaspace       used 81420K, committed 83136K, reserved 1179648K
  class space    used 8511K, committed 9216K, reserved 1048576K
}
Event: 487.547 GC heap before
{Heap before GC invocations=474 (full 4):
 PSYoungGen      total 5632K, used 5216K [0x00000000d5580000, 0x00000000d5c80000, 0x0000000100000000)
  eden space 4608K, 100% used [0x00000000d5580000,0x00000000d5a00000,0x00000000d5a00000)
  from space 1024K, 59% used [0x00000000d5a00000,0x00000000d5a98000,0x00000000d5b00000)
  to   space 1024K, 0% used [0x00000000d5b80000,0x00000000d5b80000,0x00000000d5c80000)
 ParOldGen       total 318976K, used 188265K [0x0000000080000000, 0x0000000093780000, 0x00000000d5580000)
  object space 318976K, 59% used [0x0000000080000000,0x000000008b7da4e8,0x0000000093780000)
 Metaspace       used 81420K, committed 83136K, reserved 1179648K
  class space    used 8511K, committed 9216K, reserved 1048576K
}
Event: 487.549 GC heap after
{Heap after GC invocations=474 (full 4):
 PSYoungGen      total 5632K, used 576K [0x00000000d5580000, 0x00000000d5c80000, 0x0000000100000000)
  eden space 4608K, 0% used [0x00000000d5580000,0x00000000d5580000,0x00000000d5a00000)
  from space 1024K, 56% used [0x00000000d5b80000,0x00000000d5c10000,0x00000000d5c80000)
  to   space 1024K, 0% used [0x00000000d5a00000,0x00000000d5a00000,0x00000000d5b00000)
 ParOldGen       total 318976K, used 188753K [0x0000000080000000, 0x0000000093780000, 0x00000000d5580000)
  object space 318976K, 59% used [0x0000000080000000,0x000000008b8544e8,0x0000000093780000)
 Metaspace       used 81420K, committed 83136K, reserved 1179648K
  class space    used 8511K, committed 9216K, reserved 1048576K
}
Event: 487.557 GC heap before
{Heap before GC invocations=475 (full 4):
 PSYoungGen      total 5632K, used 5184K [0x00000000d5580000, 0x00000000d5c80000, 0x0000000100000000)
  eden space 4608K, 100% used [0x00000000d5580000,0x00000000d5a00000,0x00000000d5a00000)
  from space 1024K, 56% used [0x00000000d5b80000,0x00000000d5c10000,0x00000000d5c80000)
  to   space 1024K, 0% used [0x00000000d5a00000,0x00000000d5a00000,0x00000000d5b00000)
 ParOldGen       total 318976K, used 188753K [0x0000000080000000, 0x0000000093780000, 0x00000000d5580000)
  object space 318976K, 59% used [0x0000000080000000,0x000000008b8544e8,0x0000000093780000)
 Metaspace       used 81420K, committed 83136K, reserved 1179648K
  class space    used 8511K, committed 9216K, reserved 1048576K
}
Event: 487.560 GC heap after
{Heap after GC invocations=475 (full 4):
 PSYoungGen      total 5632K, used 576K [0x00000000d5580000, 0x00000000d5c00000, 0x0000000100000000)
  eden space 4608K, 0% used [0x00000000d5580000,0x00000000d5580000,0x00000000d5a00000)
  from space 1024K, 56% used [0x00000000d5a00000,0x00000000d5a90000,0x00000000d5b00000)
  to   space 1024K, 0% used [0x00000000d5b00000,0x00000000d5b00000,0x00000000d5c00000)
 ParOldGen       total 318976K, used 189201K [0x0000000080000000, 0x0000000093780000, 0x00000000d5580000)
  object space 318976K, 59% used [0x0000000080000000,0x000000008b8c44e8,0x0000000093780000)
 Metaspace       used 81420K, committed 83136K, reserved 1179648K
  class space    used 8511K, committed 9216K, reserved 1048576K
}
Event: 487.568 GC heap before
{Heap before GC invocations=476 (full 4):
 PSYoungGen      total 5632K, used 5184K [0x00000000d5580000, 0x00000000d5c00000, 0x0000000100000000)
  eden space 4608K, 100% used [0x00000000d5580000,0x00000000d5a00000,0x00000000d5a00000)
  from space 1024K, 56% used [0x00000000d5a00000,0x00000000d5a90000,0x00000000d5b00000)
  to   space 1024K, 0% used [0x00000000d5b00000,0x00000000d5b00000,0x00000000d5c00000)
 ParOldGen       total 318976K, used 189201K [0x0000000080000000, 0x0000000093780000, 0x00000000d5580000)
  object space 318976K, 59% used [0x0000000080000000,0x000000008b8c44e8,0x0000000093780000)
 Metaspace       used 81420K, committed 83136K, reserved 1179648K
  class space    used 8511K, committed 9216K, reserved 1048576K
}
Event: 487.572 GC heap after
{Heap after GC invocations=476 (full 4):
 PSYoungGen      total 5632K, used 576K [0x00000000d5580000, 0x00000000d5d00000, 0x0000000100000000)
  eden space 4608K, 0% used [0x00000000d5580000,0x00000000d5580000,0x00000000d5a00000)
  from space 1024K, 56% used [0x00000000d5b00000,0x00000000d5b90000,0x00000000d5c00000)
  to   space 1024K, 0% used [0x00000000d5a00000,0x00000000d5a00000,0x00000000d5b00000)
 ParOldGen       total 318976K, used 189705K [0x0000000080000000, 0x0000000093780000, 0x00000000d5580000)
  object space 318976K, 59% used [0x0000000080000000,0x000000008b9424e8,0x0000000093780000)
 Metaspace       used 81420K, committed 83136K, reserved 1179648K
  class space    used 8511K, committed 9216K, reserved 1048576K
}
Event: 487.581 GC heap before
{Heap before GC invocations=477 (full 4):
 PSYoungGen      total 5632K, used 5184K [0x00000000d5580000, 0x00000000d5d00000, 0x0000000100000000)
  eden space 4608K, 100% used [0x00000000d5580000,0x00000000d5a00000,0x00000000d5a00000)
  from space 1024K, 56% used [0x00000000d5b00000,0x00000000d5b90000,0x00000000d5c00000)
  to   space 1024K, 0% used [0x00000000d5a00000,0x00000000d5a00000,0x00000000d5b00000)
 ParOldGen       total 318976K, used 189705K [0x0000000080000000, 0x0000000093780000, 0x00000000d5580000)
  object space 318976K, 59% used [0x0000000080000000,0x000000008b9424e8,0x0000000093780000)
 Metaspace       used 81420K, committed 83136K, reserved 1179648K
  class space    used 8511K, committed 9216K, reserved 1048576K
}
Event: 487.583 GC heap after
{Heap after GC invocations=477 (full 4):
 PSYoungGen      total 5632K, used 662K [0x00000000d5580000, 0x00000000d5d00000, 0x0000000100000000)
  eden space 4608K, 0% used [0x00000000d5580000,0x00000000d5580000,0x00000000d5a00000)
  from space 1024K, 64% used [0x00000000d5a00000,0x00000000d5aa5810,0x00000000d5b00000)
  to   space 1024K, 0% used [0x00000000d5c00000,0x00000000d5c00000,0x00000000d5d00000)
 ParOldGen       total 318976K, used 190137K [0x0000000080000000, 0x0000000093780000, 0x00000000d5580000)
  object space 318976K, 59% used [0x0000000080000000,0x000000008b9ae4e8,0x0000000093780000)
 Metaspace       used 81420K, committed 83136K, reserved 1179648K
  class space    used 8511K, committed 9216K, reserved 1048576K
}

