# JRE version: OpenJDK Runtime Environment OpenLogic-OpenJDK (22.0.2+9) (build 22.0.2+9-adhoc.Administrator.jdk22u)
# Java VM: OpenJDK 64-Bit Server VM OpenLogic-OpenJDK (22.0.2+9-adhoc.Administrator.jdk22u, mixed mode, sharing, tiered, compressed oops, compressed class ptrs, parallel gc, windows-amd64)
GC Precious Log:
 CardTable entry size: 512
 CPUs: 12 total, 12 available
 Memory: 5996M
 Large Page Support: Disabled
 NUMA Support: Disabled
 Compressed Oops: Enabled (32-bit)
 Alignments: Space 512K, Generation 512K, Heap 2M
 Heap Min Capacity: 100M
 Heap Initial Capacity: 100M
 Heap Max Capacity: 2G
 Pre-touch: Disabled
 Parallel Workers: 10
Heap:
 PSYoungGen      total 7680K, used 2854K [0x00000000d5580000, 0x00000000d5f80000, 0x0000000100000000)
  eden space 4608K, 46% used [0x00000000d5580000,0x00000000d57958e8,0x00000000d5a00000)
  from space 3072K, 23% used [0x00000000d5c80000,0x00000000d5d34010,0x00000000d5f80000)
  to   space 2560K, 0% used [0x00000000d5a00000,0x00000000d5a00000,0x00000000d5c80000)
 ParOldGen       total 166912K, used 130809K [0x0000000080000000, 0x000000008a300000, 0x00000000d5580000)
  object space 166912K, 78% used [0x0000000080000000,0x0000000087fbe620,0x000000008a300000)
 Metaspace       used 78173K, committed 79936K, reserved 1179648K
  class space    used 8288K, committed 9088K, reserved 1048576K
GC Heap History (20 events):
Event: 867.022 GC heap before
{Heap before GC invocations=149 (full 4):
 PSYoungGen      total 2048K, used 1632K [0x00000000d5580000, 0x00000000d5b00000, 0x0000000100000000)
  eden space 1024K, 100% used [0x00000000d5580000,0x00000000d5680000,0x00000000d5680000)
  from space 1024K, 59% used [0x00000000d5a00000,0x00000000d5a98000,0x00000000d5b00000)
  to   space 1024K, 0% used [0x00000000d5900000,0x00000000d5900000,0x00000000d5a00000)
 ParOldGen       total 166912K, used 114200K [0x0000000080000000, 0x000000008a300000, 0x00000000d5580000)
  object space 166912K, 68% used [0x0000000080000000,0x0000000086f860e0,0x000000008a300000)
 Metaspace       used 78136K, committed 79872K, reserved 1179648K
  class space    used 8288K, committed 9088K, reserved 1048576K
}
Event: 867.024 GC heap after
{Heap after GC invocations=149 (full 4):
 PSYoungGen      total 2560K, used 1024K [0x00000000d5580000, 0x00000000d5b00000, 0x0000000100000000)
  eden space 1536K, 0% used [0x00000000d5580000,0x00000000d5580000,0x00000000d5700000)
  from space 1024K, 100% used [0x00000000d5900000,0x00000000d5a00000,0x00000000d5a00000)
  to   space 1024K, 0% used [0x00000000d5a00000,0x00000000d5a00000,0x00000000d5b00000)
 ParOldGen       total 166912K, used 114752K [0x0000000080000000, 0x000000008a300000, 0x00000000d5580000)
  object space 166912K, 68% used [0x0000000080000000,0x00000000870100e0,0x000000008a300000)
 Metaspace       used 78136K, committed 79872K, reserved 1179648K
  class space    used 8288K, committed 9088K, reserved 1048576K
}
Event: 867.030 GC heap before
{Heap before GC invocations=150 (full 4):
 PSYoungGen      total 2560K, used 2560K [0x00000000d5580000, 0x00000000d5b00000, 0x0000000100000000)
  eden space 1536K, 100% used [0x00000000d5580000,0x00000000d5700000,0x00000000d5700000)
  from space 1024K, 100% used [0x00000000d5900000,0x00000000d5a00000,0x00000000d5a00000)
  to   space 1024K, 0% used [0x00000000d5a00000,0x00000000d5a00000,0x00000000d5b00000)
 ParOldGen       total 166912K, used 114752K [0x0000000080000000, 0x000000008a300000, 0x00000000d5580000)
  object space 166912K, 68% used [0x0000000080000000,0x00000000870100e0,0x000000008a300000)
 Metaspace       used 78136K, committed 79872K, reserved 1179648K
  class space    used 8288K, committed 9088K, reserved 1048576K
}
Event: 867.038 GC heap after
{Heap after GC invocations=150 (full 4):
 PSYoungGen      total 3072K, used 1020K [0x00000000d5580000, 0x00000000d5c80000, 0x0000000100000000)
  eden space 2048K, 0% used [0x00000000d5580000,0x00000000d5580000,0x00000000d5780000)
  from space 1024K, 99% used [0x00000000d5a00000,0x00000000d5aff000,0x00000000d5b00000)
  to   space 2560K, 0% used [0x00000000d5780000,0x00000000d5780000,0x00000000d5a00000)
 ParOldGen       total 166912K, used 116024K [0x0000000080000000, 0x000000008a300000, 0x00000000d5580000)
  object space 166912K, 69% used [0x0000000080000000,0x000000008714e0e0,0x000000008a300000)
 Metaspace       used 78136K, committed 79872K, reserved 1179648K
  class space    used 8288K, committed 9088K, reserved 1048576K
}
Event: 867.056 GC heap before
{Heap before GC invocations=151 (full 4):
 PSYoungGen      total 3072K, used 2941K [0x00000000d5580000, 0x00000000d5c80000, 0x0000000100000000)
  eden space 2048K, 93% used [0x00000000d5580000,0x00000000d57605a0,0x00000000d5780000)
  from space 1024K, 99% used [0x00000000d5a00000,0x00000000d5aff000,0x00000000d5b00000)
  to   space 2560K, 0% used [0x00000000d5780000,0x00000000d5780000,0x00000000d5a00000)
 ParOldGen       total 166912K, used 116024K [0x0000000080000000, 0x000000008a300000, 0x00000000d5580000)
  object space 166912K, 69% used [0x0000000080000000,0x000000008714e0e0,0x000000008a300000)
 Metaspace       used 78138K, committed 79872K, reserved 1179648K
  class space    used 8288K, committed 9088K, reserved 1048576K
}
Event: 867.060 GC heap after
{Heap after GC invocations=151 (full 4):
 PSYoungGen      total 4608K, used 1840K [0x00000000d5580000, 0x00000000d5c00000, 0x0000000100000000)
  eden space 2048K, 0% used [0x00000000d5580000,0x00000000d5580000,0x00000000d5780000)
  from space 2560K, 71% used [0x00000000d5780000,0x00000000d594c000,0x00000000d5a00000)
  to   space 2048K, 0% used [0x00000000d5a00000,0x00000000d5a00000,0x00000000d5c00000)
 ParOldGen       total 166912K, used 116856K [0x0000000080000000, 0x000000008a300000, 0x00000000d5580000)
  object space 166912K, 70% used [0x0000000080000000,0x000000008721e0e0,0x000000008a300000)
 Metaspace       used 78138K, committed 79872K, reserved 1179648K
  class space    used 8288K, committed 9088K, reserved 1048576K
}
Event: 867.075 GC heap before
{Heap before GC invocations=152 (full 4):
 PSYoungGen      total 4608K, used 3881K [0x00000000d5580000, 0x00000000d5c00000, 0x0000000100000000)
  eden space 2048K, 99% used [0x00000000d5580000,0x00000000d577e6a0,0x00000000d5780000)
  from space 2560K, 71% used [0x00000000d5780000,0x00000000d594c000,0x00000000d5a00000)
  to   space 2048K, 0% used [0x00000000d5a00000,0x00000000d5a00000,0x00000000d5c00000)
 ParOldGen       total 166912K, used 116856K [0x0000000080000000, 0x000000008a300000, 0x00000000d5580000)
  object space 166912K, 70% used [0x0000000080000000,0x000000008721e0e0,0x000000008a300000)
 Metaspace       used 78138K, committed 79872K, reserved 1179648K
  class space    used 8288K, committed 9088K, reserved 1048576K
}
Event: 867.089 GC heap after
{Heap after GC invocations=152 (full 4):
 PSYoungGen      total 4608K, used 1914K [0x00000000d5580000, 0x00000000d5c00000, 0x0000000100000000)
  eden space 2560K, 0% used [0x00000000d5580000,0x00000000d5580000,0x00000000d5800000)
  from space 2048K, 93% used [0x00000000d5a00000,0x00000000d5bde8a8,0x00000000d5c00000)
  to   space 2048K, 0% used [0x00000000d5800000,0x00000000d5800000,0x00000000d5a00000)
 ParOldGen       total 166912K, used 119291K [0x0000000080000000, 0x000000008a300000, 0x00000000d5580000)
  object space 166912K, 71% used [0x0000000080000000,0x000000008747ef68,0x000000008a300000)
 Metaspace       used 78138K, committed 79872K, reserved 1179648K
  class space    used 8288K, committed 9088K, reserved 1048576K
}
Event: 867.107 GC heap before
{Heap before GC invocations=153 (full 4):
 PSYoungGen      total 4608K, used 4474K [0x00000000d5580000, 0x00000000d5c00000, 0x0000000100000000)
  eden space 2560K, 100% used [0x00000000d5580000,0x00000000d5800000,0x00000000d5800000)
  from space 2048K, 93% used [0x00000000d5a00000,0x00000000d5bde8a8,0x00000000d5c00000)
  to   space 2048K, 0% used [0x00000000d5800000,0x00000000d5800000,0x00000000d5a00000)
 ParOldGen       total 166912K, used 119291K [0x0000000080000000, 0x000000008a300000, 0x00000000d5580000)
  object space 166912K, 71% used [0x0000000080000000,0x000000008747ef68,0x000000008a300000)
 Metaspace       used 78138K, committed 79872K, reserved 1179648K
  class space    used 8288K, committed 9088K, reserved 1048576K
}
Event: 867.119 GC heap after
{Heap after GC invocations=153 (full 4):
 PSYoungGen      total 4608K, used 1351K [0x00000000d5580000, 0x00000000d5c80000, 0x0000000100000000)
  eden space 2560K, 0% used [0x00000000d5580000,0x00000000d5580000,0x00000000d5800000)
  from space 2048K, 66% used [0x00000000d5800000,0x00000000d5951f90,0x00000000d5a00000)
  to   space 2048K, 0% used [0x00000000d5a80000,0x00000000d5a80000,0x00000000d5c80000)
 ParOldGen       total 166912K, used 121602K [0x0000000080000000, 0x000000008a300000, 0x00000000d5580000)
  object space 166912K, 72% used [0x0000000080000000,0x00000000876c0808,0x000000008a300000)
 Metaspace       used 78138K, committed 79872K, reserved 1179648K
  class space    used 8288K, committed 9088K, reserved 1048576K
}
Event: 867.151 GC heap before
{Heap before GC invocations=154 (full 4):
 PSYoungGen      total 4608K, used 3911K [0x00000000d5580000, 0x00000000d5c80000, 0x0000000100000000)
  eden space 2560K, 99% used [0x00000000d5580000,0x00000000d57fff18,0x00000000d5800000)
  from space 2048K, 66% used [0x00000000d5800000,0x00000000d5951f90,0x00000000d5a00000)
  to   space 2048K, 0% used [0x00000000d5a80000,0x00000000d5a80000,0x00000000d5c80000)
 ParOldGen       total 166912K, used 121602K [0x0000000080000000, 0x000000008a300000, 0x00000000d5580000)
  object space 166912K, 72% used [0x0000000080000000,0x00000000876c0808,0x000000008a300000)
 Metaspace       used 78142K, committed 79872K, reserved 1179648K
  class space    used 8288K, committed 9088K, reserved 1048576K
}
Event: 867.158 GC heap after
{Heap after GC invocations=154 (full 4):
 PSYoungGen      total 4096K, used 704K [0x00000000d5580000, 0x00000000d5b80000, 0x0000000100000000)
  eden space 3072K, 0% used [0x00000000d5580000,0x00000000d5580000,0x00000000d5880000)
  from space 1024K, 68% used [0x00000000d5a80000,0x00000000d5b30000,0x00000000d5b80000)
  to   space 1024K, 0% used [0x00000000d5980000,0x00000000d5980000,0x00000000d5a80000)
 ParOldGen       total 166912K, used 122666K [0x0000000080000000, 0x000000008a300000, 0x00000000d5580000)
  object space 166912K, 73% used [0x0000000080000000,0x00000000877ca828,0x000000008a300000)
 Metaspace       used 78142K, committed 79872K, reserved 1179648K
  class space    used 8288K, committed 9088K, reserved 1048576K
}
Event: 867.169 GC heap before
{Heap before GC invocations=155 (full 4):
 PSYoungGen      total 4096K, used 3776K [0x00000000d5580000, 0x00000000d5b80000, 0x0000000100000000)
  eden space 3072K, 100% used [0x00000000d5580000,0x00000000d5880000,0x00000000d5880000)
  from space 1024K, 68% used [0x00000000d5a80000,0x00000000d5b30000,0x00000000d5b80000)
  to   space 1024K, 0% used [0x00000000d5980000,0x00000000d5980000,0x00000000d5a80000)
 ParOldGen       total 166912K, used 122666K [0x0000000080000000, 0x000000008a300000, 0x00000000d5580000)
  object space 166912K, 73% used [0x0000000080000000,0x00000000877ca828,0x000000008a300000)
 Metaspace       used 78149K, committed 79936K, reserved 1179648K
  class space    used 8288K, committed 9088K, reserved 1048576K
}
Event: 867.181 GC heap after
{Heap after GC invocations=155 (full 4):
 PSYoungGen      total 5120K, used 998K [0x00000000d5580000, 0x00000000d5f80000, 0x0000000100000000)
  eden space 4096K, 0% used [0x00000000d5580000,0x00000000d5580000,0x00000000d5980000)
  from space 1024K, 97% used [0x00000000d5980000,0x00000000d5a79890,0x00000000d5a80000)
  to   space 3072K, 0% used [0x00000000d5c80000,0x00000000d5c80000,0x00000000d5f80000)
 ParOldGen       total 166912K, used 124301K [0x0000000080000000, 0x000000008a300000, 0x00000000d5580000)
  object space 166912K, 74% used [0x0000000080000000,0x0000000087963408,0x000000008a300000)
 Metaspace       used 78149K, committed 79936K, reserved 1179648K
  class space    used 8288K, committed 9088K, reserved 1048576K
}
Event: 867.191 GC heap before
{Heap before GC invocations=156 (full 4):
 PSYoungGen      total 5120K, used 5084K [0x00000000d5580000, 0x00000000d5f80000, 0x0000000100000000)
  eden space 4096K, 99% used [0x00000000d5580000,0x00000000d597db38,0x00000000d5980000)
  from space 1024K, 97% used [0x00000000d5980000,0x00000000d5a79890,0x00000000d5a80000)
  to   space 3072K, 0% used [0x00000000d5c80000,0x00000000d5c80000,0x00000000d5f80000)
 ParOldGen       total 166912K, used 124301K [0x0000000080000000, 0x000000008a300000, 0x00000000d5580000)
  object space 166912K, 74% used [0x0000000080000000,0x0000000087963408,0x000000008a300000)
 Metaspace       used 78149K, committed 79936K, reserved 1179648K
  class space    used 8288K, committed 9088K, reserved 1048576K
}
Event: 867.202 GC heap after
{Heap after GC invocations=156 (full 4):
 PSYoungGen      total 7168K, used 3072K [0x00000000d5580000, 0x00000000d5f80000, 0x0000000100000000)
  eden space 4096K, 0% used [0x00000000d5580000,0x00000000d5580000,0x00000000d5980000)
  from space 3072K, 100% used [0x00000000d5c80000,0x00000000d5f80000,0x00000000d5f80000)
  to   space 1024K, 0% used [0x00000000d5980000,0x00000000d5980000,0x00000000d5a80000)
 ParOldGen       total 166912K, used 126043K [0x0000000080000000, 0x000000008a300000, 0x00000000d5580000)
  object space 166912K, 75% used [0x0000000080000000,0x0000000087b16c98,0x000000008a300000)
 Metaspace       used 78149K, committed 79936K, reserved 1179648K
  class space    used 8288K, committed 9088K, reserved 1048576K
}
Event: 867.724 GC heap before
{Heap before GC invocations=157 (full 4):
 PSYoungGen      total 7168K, used 7168K [0x00000000d5580000, 0x00000000d5f80000, 0x0000000100000000)
  eden space 4096K, 100% used [0x00000000d5580000,0x00000000d5980000,0x00000000d5980000)
  from space 3072K, 100% used [0x00000000d5c80000,0x00000000d5f80000,0x00000000d5f80000)
  to   space 1024K, 0% used [0x00000000d5980000,0x00000000d5980000,0x00000000d5a80000)
 ParOldGen       total 166912K, used 126043K [0x0000000080000000, 0x000000008a300000, 0x00000000d5580000)
  object space 166912K, 75% used [0x0000000080000000,0x0000000087b16c98,0x000000008a300000)
 Metaspace       used 78150K, committed 79936K, reserved 1179648K
  class space    used 8288K, committed 9088K, reserved 1048576K
}
Event: 867.745 GC heap after
{Heap after GC invocations=157 (full 4):
 PSYoungGen      total 5120K, used 1008K [0x00000000d5580000, 0x00000000d5f80000, 0x0000000100000000)
  eden space 4096K, 0% used [0x00000000d5580000,0x00000000d5580000,0x00000000d5980000)
  from space 1024K, 98% used [0x00000000d5980000,0x00000000d5a7c000,0x00000000d5a80000)
  to   space 3072K, 0% used [0x00000000d5c80000,0x00000000d5c80000,0x00000000d5f80000)
 ParOldGen       total 166912K, used 129955K [0x0000000080000000, 0x000000008a300000, 0x00000000d5580000)
  object space 166912K, 77% used [0x0000000080000000,0x0000000087ee8c98,0x000000008a300000)
 Metaspace       used 78150K, committed 79936K, reserved 1179648K
  class space    used 8288K, committed 9088K, reserved 1048576K
}
Event: 867.760 GC heap before
{Heap before GC invocations=158 (full 4):
 PSYoungGen      total 5120K, used 5103K [0x00000000d5580000, 0x00000000d5f80000, 0x0000000100000000)
  eden space 4096K, 99% used [0x00000000d5580000,0x00000000d597fc88,0x00000000d5980000)
  from space 1024K, 98% used [0x00000000d5980000,0x00000000d5a7c000,0x00000000d5a80000)
  to   space 3072K, 0% used [0x00000000d5c80000,0x00000000d5c80000,0x00000000d5f80000)
 ParOldGen       total 166912K, used 129955K [0x0000000080000000, 0x000000008a300000, 0x00000000d5580000)
  object space 166912K, 77% used [0x0000000080000000,0x0000000087ee8c98,0x000000008a300000)
 Metaspace       used 78150K, committed 79936K, reserved 1179648K
  class space    used 8288K, committed 9088K, reserved 1048576K
}
Event: 867.765 GC heap after
{Heap after GC invocations=158 (full 4):
 PSYoungGen      total 7680K, used 720K [0x00000000d5580000, 0x00000000d5f80000, 0x0000000100000000)
  eden space 4608K, 0% used [0x00000000d5580000,0x00000000d5580000,0x00000000d5a00000)
  from space 3072K, 23% used [0x00000000d5c80000,0x00000000d5d34010,0x00000000d5f80000)
  to   space 2560K, 0% used [0x00000000d5a00000,0x00000000d5a00000,0x00000000d5c80000)
 ParOldGen       total 166912K, used 130809K [0x0000000080000000, 0x000000008a300000, 0x00000000d5580000)
  object space 166912K, 78% used [0x0000000080000000,0x0000000087fbe620,0x000000008a300000)
 Metaspace       used 78150K, committed 79936K, reserved 1179648K
  class space    used 8288K, committed 9088K, reserved 1048576K
}

